2025-10-30T11:42:15.924539	im.message.receive_v1	om_test	{"text": "你好"}
2025-10-30T14:56:33.562013	im.message.receive_v1	om_test	{"text": "你好"}
2025-10-30T15:06:33.297091	im.message.receive_v1	om_x100b5f04a9b6ed240f2c27dd47558c8	{"text": "你好"}
2025-10-30T15:10:46.416332	im.message.receive_v1	om_x100b5f04b99fe69c0ecba6e28228ca4	{"text": "你好"}
2025-10-30T15:11:30.860937	im.message.receive_v1	om_x100b5f04b4d409240f1b1de0f440342	{"text": "你好"}
2025-10-30T15:13:26.801990	im.message.receive_v1	om_x100b5f054f95b5a80f1c2cc7d47afb2	{"text": "你好"}
2025-10-30T16:25:37.581366	im.message.receive_v1	om_x100b5f06413c38800f102cdfd1e6375	{"text": "https://bcnw2cvcyhir.feishu.cn/base/YroIb5eqmawDUnspOTccmprFn2f"}
2025-10-30T16:25:54.403940	im.message.receive_v1	om_x100b5f06413c38800f102cdfd1e6375	{"text": "https://bcnw2cvcyhir.feishu.cn/base/YroIb5eqmawDUnspOTccmprFn2f"}
2025-10-30T16:39:59.460562	im.message.receive_v1	om_x100b5f060b29ee840f24202b3036332	{"text": "https://bcnw2cvcyhir.feishu.cn/base/YroIb5eqmawDUnspOTccmprFn2f"}
2025-10-30T16:42:24.149948	im.message.receive_v1	om_x100b5f06002332a40f13219434d7606	{"text": "https://bcnw2cvcyhir.feishu.cn/base/YroIb5eqmawDUnspOTccmprFn2f"}
2025-10-30T16:50:39.544032	im.message.receive_v1	om_x100b5f06232ba4a80f258ba0ac224cc	{"text": "https://bcnw2cvcyhir.feishu.cn/base/YroIb5eqmawDUnspOTccmprFn2f"}
2025-10-30T16:50:57.577037	im.message.receive_v1	om_x100b5f06232ba4a80f258ba0ac224cc	{"text": "https://bcnw2cvcyhir.feishu.cn/base/YroIb5eqmawDUnspOTccmprFn2f"}
2025-10-30T16:51:25.431464	im.message.receive_v1	om_x100b5f05350d26f00f1ce0dc56ddfa3	{"text": "你好"}
2025-10-30T16:51:39.368715	im.message.receive_v1	om_x100b5f053271e84c0ecaeedab422867	{"text": "你好"}
2025-10-30T16:51:42.302071	im.message.receive_v1	om_x100b5f0532132a5c0f1ce3d1d9d275e	{"text": "？\n？"}
2025-10-30T16:53:32.100888	im.message.receive_v1	om_x100b5f063663dd500f1e3e16824663b	{"text": "https://bcnw2cvcyhir.feishu.cn/base/YroIb5eqmawDUnspOTccmprFn2f"}
2025-10-30T16:53:51.168455	im.message.receive_v1	om_x100b5f063663dd500f1e3e16824663b	{"text": "https://bcnw2cvcyhir.feishu.cn/base/YroIb5eqmawDUnspOTccmprFn2f"}
2025-10-30T16:56:01.309761	im.message.receive_v1	om_x100b5f06232ba4a80f258ba0ac224cc	{"text": "https://bcnw2cvcyhir.feishu.cn/base/YroIb5eqmawDUnspOTccmprFn2f"}
2025-10-30T16:58:54.532097	im.message.receive_v1	om_x100b5f063663dd500f1e3e16824663b	{"text": "https://bcnw2cvcyhir.feishu.cn/base/YroIb5eqmawDUnspOTccmprFn2f"}
2025-10-30T17:11:25.516148	im.message.receive_v1	om_x100b5f058820cc140f1fdfc12143e8c	{"text": "https://bcnw2cvcyhir.feishu.cn/base/YroIb5eqmawDUnspOTccmprFn2f"}
2025-10-31T09:18:27.781434	im.message.receive_v1	om_x100b5f74a886f28c0f26f960ff8256f	{"text": "https://bcnw2cvcyhir.feishu.cn/base/YroIb5eqmawDUnspOTccmprFn2f"}
2025-10-31T09:18:46.213041	im.message.receive_v1	om_x100b5f74a886f28c0f26f960ff8256f	{"text": "https://bcnw2cvcyhir.feishu.cn/base/YroIb5eqmawDUnspOTccmprFn2f"}
2025-10-31T09:19:14.119058	im.message.receive_v1	om_x100b5f749b4c250c0f26fdc5d671c18	{"text": "https://bcnw2cvcyhir.feishu.cn/base/YroIb5eqmawDUnspOTccmprFn2f"}
2025-10-31T09:23:50.411136	im.message.receive_v1	om_x100b5f74a886f28c0f26f960ff8256f	{"text": "https://bcnw2cvcyhir.feishu.cn/base/YroIb5eqmawDUnspOTccmprFn2f"}
2025-10-31T09:32:23.193611	im.message.receive_v1	om_x100b5f7554b3604c0f20727c3c33fd6	{"text": "https://bcnw2cvcyhir.feishu.cn/base/YroIb5eqmawDUnspOTccmprFn2f"}
2025-10-31T09:32:41.258247	im.message.receive_v1	om_x100b5f7554b3604c0f20727c3c33fd6	{"text": "https://bcnw2cvcyhir.feishu.cn/base/YroIb5eqmawDUnspOTccmprFn2f"}
2025-10-31T09:33:14.468173	im.message.receive_v1	om_x100b5f75537a30c80f22212e850135e	{"text": "https://bcnw2cvcyhir.feishu.cn/base/YroIb5eqmawDUnspOTccmprFn2f"}
2025-10-31T09:33:32.999306	im.message.receive_v1	om_x100b5f75537a30c80f22212e850135e	{"text": "https://bcnw2cvcyhir.feishu.cn/base/YroIb5eqmawDUnspOTccmprFn2f"}
2025-10-31T09:37:34.733241	im.message.receive_v1	om_x100b5f756337dca80f1cd6e82bc048f	{"text": "https://bcnw2cvcyhir.feishu.cn/base/YroIb5eqmawDUnspOTccmprFn2f"}
2025-10-31T09:37:45.198299	im.message.receive_v1	om_x100b5f7554b3604c0f20727c3c33fd6	{"text": "https://bcnw2cvcyhir.feishu.cn/base/YroIb5eqmawDUnspOTccmprFn2f"}
2025-10-31T09:37:53.611121	im.message.receive_v1	om_x100b5f756337dca80f1cd6e82bc048f	{"text": "https://bcnw2cvcyhir.feishu.cn/base/YroIb5eqmawDUnspOTccmprFn2f"}
2025-10-31T09:38:36.892912	im.message.receive_v1	om_x100b5f75537a30c80f22212e850135e	{"text": "https://bcnw2cvcyhir.feishu.cn/base/YroIb5eqmawDUnspOTccmprFn2f"}
2025-10-31T09:42:57.374943	im.message.receive_v1	om_x100b5f756337dca80f1cd6e82bc048f	{"text": "https://bcnw2cvcyhir.feishu.cn/base/YroIb5eqmawDUnspOTccmprFn2f"}
2025-10-31T09:50:11.050320	im.message.receive_v1	om_x100b5f7513f610a40ecf999a42dbd74	{"text": "llll"}
2025-10-31T09:50:18.371625	im.message.receive_v1	om_x100b5f75137e38300ec50e03409c4cf	{"text": "kkkkk"}
2025-10-31T09:51:15.900988	im.message.receive_v1	om_x100b5f752f86861c0f1f9fce41de486	{"text": "aaaaa"}
2025-10-31T09:51:35.727335	im.message.receive_v1	om_x100b5f752c46dc540f157a6af4182d5	{"text": "https://bcnw2cvcyhir.feishu.cn/base/YroIb5eqmawDUnspOTccmprFn2f"}
2025-10-31T10:16:33.047508	im.message.receive_v1	om_x100b5f758ed3e2c40f27e247d5b6a1c	{"text": "https://bcnw2cvcyhir.feishu.cn/base/YroIb5eqmawDUnspOTccmprFn2f"}
2025-10-31T10:19:17.357694	im.message.receive_v1	om_x100b5f749b4c250c0f26fdc5d671c18	{"text": "https://bcnw2cvcyhir.feishu.cn/base/YroIb5eqmawDUnspOTccmprFn2f"}
2025-10-31T10:23:54.486573	im.message.receive_v1	om_x100b5f74a886f28c0f26f960ff8256f	{"text": "https://bcnw2cvcyhir.feishu.cn/base/YroIb5eqmawDUnspOTccmprFn2f"}
2025-10-31T10:25:14.890555	im.message.receive_v1	om_x100b5f75ae7a6cc00f1c4612e0c37f1	{"text": "https://bcnw2cvcyhir.feishu.cn/base/YroIb5eqmawDUnspOTccmprFn2f"}
2025-10-31T10:29:29.813564	im.message.receive_v1	om_x100b5f75be6926700f2786ecea3492e	{"text": "https://bcnw2cvcyhir.feishu.cn/base/YroIb5eqmawDUnspOTccmprFn2f"}
2025-10-31T10:32:07.761463	im.message.receive_v1	om_x100b5f75b447ea780f1cfc8d13daf91	{"text": "https://bcnw2cvcyhir.feishu.cn/base/YroIb5eqmawDUnspOTccmprFn2f"}
2025-10-31T10:34:52.405173	im.message.receive_v1	om_x100b5f764a1964fc0ec1893476bf4ee	{"text": "https://bcnw2cvcyhir.feishu.cn/base/YroIb5eqmawDUnspOTccmprFn2f"}
2025-10-31T10:37:49.505966	im.message.receive_v1	om_x100b5f7554b3604c0f20727c3c33fd6	{"text": "https://bcnw2cvcyhir.feishu.cn/base/YroIb5eqmawDUnspOTccmprFn2f"}
2025-10-31T10:38:41.491247	im.message.receive_v1	om_x100b5f75537a30c80f22212e850135e	{"text": "https://bcnw2cvcyhir.feishu.cn/base/YroIb5eqmawDUnspOTccmprFn2f"}
2025-10-31T10:42:02.963700	im.message.receive_v1	om_x100b5f765175dd600f11bc410ca2356	{"text": "https://bcnw2cvcyhir.feishu.cn/base/YroIb5eqmawDUnspOTccmprFn2f"}
2025-10-31T10:43:01.264006	im.message.receive_v1	om_x100b5f756337dca80f1cd6e82bc048f	{"text": "https://bcnw2cvcyhir.feishu.cn/base/YroIb5eqmawDUnspOTccmprFn2f"}
2025-10-31T10:47:38.103284	im.message.receive_v1	om_x100b5f767a66f9c40f14943f7d16032	{"text": "https://bcnw2cvcyhir.feishu.cn/base/YroIb5eqmawDUnspOTccmprFn2f"}
2025-10-31T10:58:39.497759	im.message.receive_v1	om_x100b5f7610caf41c0f1486a5483399c	{"text": "11111"}
2025-10-31T10:58:46.855516	im.message.receive_v1	om_x100b5f7610b3b4f00ec76c1a36d2ac2	{"text": "https://bcnw2cvcyhir.feishu.cn/base/YroIb5eqmawDUnspOTccmprFn2f"}
2025-10-31T11:00:01.220818	im.message.receive_v1	om_x100b5f762dd391280ecb5a217d9609b	{"text": "https://bcnw2cvcyhir.feishu.cn/docx/LHdZdS5nooBDWjxOI4mcvzpfnR0"}
2025-10-31T11:00:11.335705	im.message.receive_v1	om_x100b5f762d0f4abc0eccfaad7fb032c	{"text": "https://www.feishu.cn/base/H2BBbzIQdaCqpqsxN2Ac1y9WnJT"}
